<?xml version="1.0" encoding="UTF-8"?>
<!-- Generated by org.testng.reporters.JUnitXMLReporter -->
<testsuite hostname="DESKTOP-KI65OIA" ignored="9" name="FirstTest" tests="2" failures="0" timestamp="2022-01-07T15:29:55 ICT" time="5.003" errors="0">
  <testcase name="openApp" time="0.855" classname="Demo.xmlFeed"/>
  <testcase name="verify" time="0.696" classname="Demo.xmlFeed"/>
  <testcase name="SelectLanguage" time="0.0" classname="Demo.xmlFeed">
    <ignored/>
  </testcase> <!-- SelectLanguage -->
  <testcase name="FeedStatusTitle" time="0.0" classname="Demo.xmlFeed">
    <ignored/>
  </testcase> <!-- FeedStatusTitle -->
  <testcase name="channel" time="0.0" classname="Demo.xmlFeed">
    <ignored/>
  </testcase> <!-- channel -->
  <testcase name="SelectCurrency" time="0.0" classname="Demo.xmlFeed">
    <ignored/>
  </testcase> <!-- SelectCurrency -->
  <testcase name="MapProduct" time="0.0" classname="Demo.xmlFeed">
    <ignored/>
  </testcase> <!-- MapProduct -->
  <testcase name="delete" time="0.0" classname="Demo.xmlFeed">
    <ignored/>
  </testcase> <!-- delete -->
  <testcase name="SelectScheduleSync" time="0.0" classname="Demo.xmlFeed">
    <ignored/>
  </testcase> <!-- SelectScheduleSync -->
  <testcase name="SelectProducts" time="0.0" classname="Demo.xmlFeed">
    <ignored/>
  </testcase> <!-- SelectProducts -->
  <testcase name="SelectCountryOfSale" time="0.0" classname="Demo.xmlFeed">
    <ignored/>
  </testcase> <!-- SelectCountryOfSale -->
</testsuite> <!-- FirstTest -->
